0 info it worked if it ends with ok
1 verbose cli [ 'C:\\Program Files\\nodejs\\node.exe',
1 verbose cli   'C:\\Users\\renan.vaz\\AppData\\Roaming\\npm\\node_modules\\npm\\bin\\npm-cli.js',
1 verbose cli   'start' ]
2 info using npm@3.10.7
3 info using node@v6.2.1
4 verbose run-script [ 'prestart', 'start', 'poststart' ]
5 info lifecycle comigr@~prestart: comigr@
6 silly lifecycle comigr@~prestart: no script for prestart, continuing
7 info lifecycle comigr@~start: comigr@
8 verbose lifecycle comigr@~start: unsafe-perm in lifecycle true
9 verbose lifecycle comigr@~start: PATH: C:\Users\renan.vaz\AppData\Roaming\npm\node_modules\npm\bin\node-gyp-bin;C:\Users\renan.vaz\Documents\comigr\node_modules\.bin;C:\ProgramData\Oracle\Java\javapath;C:\Program Files (x86)\Intel\iCLS Client\;C:\Program Files\Intel\iCLS Client\;C:\Windows\system32;C:\Windows;C:\Windows\System32\Wbem;C:\Windows\System32\WindowsPowerShell\v1.0\;C:\Program Files\Intel\Intel(R) Management Engine Components\DAL;C:\Program Files (x86)\Intel\Intel(R) Management Engine Components\DAL;C:\Program Files\Intel\Intel(R) Management Engine Components\IPT;C:\Program Files (x86)\Intel\Intel(R) Management Engine Components\IPT;C:\Program Files (x86)\Skype\Phone\;%USERPROFILE%\.dnx\bin;C:\Program Files\Microsoft DNX\Dnvm\;C:\Program Files\Microsoft SQL Server\130\Tools\Binn\;C:\Program Files\Microsoft SQL Server\Client SDK\ODBC\110\Tools\Binn\;C:\Program Files (x86)\Microsoft SQL Server\120\Tools\Binn\ManagementStudio\;C:\Program Files (x86)\Microsoft SQL Server\120\Tools\Binn\;C:\Program Files\Microsoft SQL Server\120\Tools\Binn\;C:\Program Files (x86)\Microsoft SQL Server\120\DTS\Binn\;C:\Program Files\Microsoft SQL Server\120\DTS\Binn\;C:\Program Files\nodejs\;C:\Program Files\Microsoft\Web Platform Installer\;C:\Program Files\Git\cmd;C:\Program Files\Git\bin;C:\Program Files (x86)\Heroku\bin;C:\Program Files (x86)\git\cmd;C:\Program Files (x86)\Git\cmd;C:\HashiCorp\Vagrant\bin;C:\Ruby23-x64\bin;C:\Users\renan.vaz\AppData\Local\atom\bin;C:\Users\renan.vaz\AppData\Roaming\npm;C:\Users\renan.vaz\AppData\Local\.meteor\;C:\Program Files (x86)\Microsoft VS Code\bin
10 verbose lifecycle comigr@~start: CWD: C:\Users\renan.vaz\Documents\comigr
11 silly lifecycle comigr@~start: Args: [ '/d /s /c', 'meteor run --settings settings.json' ]
12 silly lifecycle comigr@~start: Returned: code: 1  signal: null
13 info lifecycle comigr@~start: Failed to exec start script
14 verbose stack Error: comigr@ start: `meteor run --settings settings.json`
14 verbose stack Exit status 1
14 verbose stack     at EventEmitter.<anonymous> (C:\Users\renan.vaz\AppData\Roaming\npm\node_modules\npm\lib\utils\lifecycle.js:255:16)
14 verbose stack     at emitTwo (events.js:106:13)
14 verbose stack     at EventEmitter.emit (events.js:191:7)
14 verbose stack     at ChildProcess.<anonymous> (C:\Users\renan.vaz\AppData\Roaming\npm\node_modules\npm\lib\utils\spawn.js:40:14)
14 verbose stack     at emitTwo (events.js:106:13)
14 verbose stack     at ChildProcess.emit (events.js:191:7)
14 verbose stack     at maybeClose (internal/child_process.js:852:16)
14 verbose stack     at Process.ChildProcess._handle.onexit (internal/child_process.js:215:5)
15 verbose pkgid comigr@
16 verbose cwd C:\Users\renan.vaz\Documents\comigr
17 error Windows_NT 6.3.9600
18 error argv "C:\\Program Files\\nodejs\\node.exe" "C:\\Users\\renan.vaz\\AppData\\Roaming\\npm\\node_modules\\npm\\bin\\npm-cli.js" "start"
19 error node v6.2.1
20 error npm  v3.10.7
21 error code ELIFECYCLE
22 error comigr@ start: `meteor run --settings settings.json`
22 error Exit status 1
23 error Failed at the comigr@ start script 'meteor run --settings settings.json'.
23 error Make sure you have the latest version of node.js and npm installed.
23 error If you do, this is most likely a problem with the comigr package,
23 error not with npm itself.
23 error Tell the author that this fails on your system:
23 error     meteor run --settings settings.json
23 error You can get information on how to open an issue for this project with:
23 error     npm bugs comigr
23 error Or if that isn't available, you can get their info via:
23 error     npm owner ls comigr
23 error There is likely additional logging output above.
24 verbose exit [ 1, true ]
